[debug] [2018-03-03T20:14:46.932Z] ----------------------------------------------------------------------
[debug] [2018-03-03T20:14:46.933Z] Command:       /usr/local/bin/node /usr/local/bin/firebase deploy
[debug] [2018-03-03T20:14:46.934Z] CLI Version:   3.9.2
[debug] [2018-03-03T20:14:46.934Z] Platform:      darwin
[debug] [2018-03-03T20:14:46.934Z] Node Version:  v8.1.2
[debug] [2018-03-03T20:14:46.934Z] Time:          Sat Mar 03 2018 21:14:46 GMT+0100 (CET)
[debug] [2018-03-03T20:14:46.934Z] ----------------------------------------------------------------------
[debug] 
[debug] [2018-03-03T20:14:46.946Z] > command requires scopes: ["email","openid","https://www.googleapis.com/auth/cloudplatformprojects.readonly","https://www.googleapis.com/auth/firebase","https://www.googleapis.com/auth/cloud-platform"]
[debug] [2018-03-03T20:14:46.946Z] > authorizing via signed-in user
[debug] [2018-03-03T20:14:46.949Z] >>> HTTP REQUEST GET https://admin.firebase.com/v1/projects/yura-a8e86  
 Sat Mar 03 2018 21:14:46 GMT+0100 (CET)
[debug] [2018-03-03T20:14:48.385Z] <<< HTTP RESPONSE 200
[debug] [2018-03-03T20:14:48.386Z] >>> HTTP REQUEST GET https://admin.firebase.com/v1/database/yura-a8e86/tokens  
 Sat Mar 03 2018 21:14:48 GMT+0100 (CET)
[debug] [2018-03-03T20:14:50.530Z] <<< HTTP RESPONSE 200
[info] 
[info] === Deploying to 'yura-a8e86'...
[info] 
[info] i  deploying database, functions, hosting
[info] ✔  database: rules ready to deploy.
[debug] [2018-03-03T20:14:52.991Z] > [functions] package.json contents: {
  "name": "functions",
  "description": "Cloud Functions for Firebase",
  "dependencies": {
    "firebase-admin": "~4.2.1",
    "firebase-functions": "^0.5.7"
  },
  "devDependencies": {
    "@types/express": "^4.0.37",
    "tslint": "^5.8.0",
    "typescript": "^2.6.1"
  },
  "private": true,
  "scripts": {
    "lint": "./node_modules/.bin/tslint -p tsconfig.json",
    "build": "./node_modules/.bin/tsc",
    "serve": "npm run build && firebase serve --only functions",
    "shell": "npm run build && firebase experimental:functions:shell",
    "start": "npm run shell",
    "deploy": "firebase deploy --only functions",
    "logs": "firebase functions:log"
  },
  "main": "lib/index.js"
}
[info] i  functions: ensuring necessary APIs are enabled...
[info] i  runtimeconfig: ensuring necessary APIs are enabled...
[debug] [2018-03-03T20:14:52.993Z] >>> HTTP REQUEST GET https://servicemanagement.googleapis.com/v1/services/cloudfunctions.googleapis.com/projectSettings/yura-a8e86?view=CONSUMER_VIEW  
 Sat Mar 03 2018 21:14:52 GMT+0100 (CET)
[debug] [2018-03-03T20:14:52.993Z] >>> HTTP REQUEST GET https://servicemanagement.googleapis.com/v1/services/runtimeconfig.googleapis.com/projectSettings/yura-a8e86?view=CONSUMER_VIEW  
 Sat Mar 03 2018 21:14:52 GMT+0100 (CET)
[debug] [2018-03-03T20:14:55.242Z] <<< HTTP RESPONSE 200
[info] ✔  runtimeconfig: all necessary APIs are enabled
[debug] [2018-03-03T20:14:55.247Z] <<< HTTP RESPONSE 200
[info] ✔  functions: all necessary APIs are enabled
[debug] [2018-03-03T20:14:55.247Z] >>> HTTP REQUEST GET https://appengine.googleapis.com/v1/apps/yura-a8e86  
 Sat Mar 03 2018 21:14:55 GMT+0100 (CET)
[debug] [2018-03-03T20:14:55.248Z] >>> HTTP REQUEST GET https://apikeys.googleapis.com/v1/projects/yura-a8e86/apiKeys  
 Sat Mar 03 2018 21:14:55 GMT+0100 (CET)
